Determining if the pthread_create exist failed with the following output:
Change Dir: /home/ivan/Рабочий стол/coursera-c-plus-plus-modern-development/Black/second_week/yellow_pages/cmake-build-debug/CMakeFiles/CMakeTmp

Run Build Command(s):/usr/bin/make cmTC_4449f/fast 
/usr/bin/make -f CMakeFiles/cmTC_4449f.dir/build.make CMakeFiles/cmTC_4449f.dir/build
make[1]: вход в каталог «/home/ivan/Рабочий стол/coursera-c-plus-plus-modern-development/Black/second_week/yellow_pages/cmake-build-debug/CMakeFiles/CMakeTmp»
Building C object CMakeFiles/cmTC_4449f.dir/CheckSymbolExists.c.o
/usr/bin/cc    -o CMakeFiles/cmTC_4449f.dir/CheckSymbolExists.c.o   -c "/home/ivan/Рабочий стол/coursera-c-plus-plus-modern-development/Black/second_week/yellow_pages/cmake-build-debug/CMakeFiles/CMakeTmp/CheckSymbolExists.c"
Linking C executable cmTC_4449f
/home/ivan/Документы/clion-2019.2/bin/cmake/linux/bin/cmake -E cmake_link_script CMakeFiles/cmTC_4449f.dir/link.txt --verbose=1
/usr/bin/cc      CMakeFiles/cmTC_4449f.dir/CheckSymbolExists.c.o  -o cmTC_4449f 
CMakeFiles/cmTC_4449f.dir/CheckSymbolExists.c.o: In function `main':
CheckSymbolExists.c:(.text+0x1b): undefined reference to `pthread_create'
collect2: error: ld returned 1 exit status
CMakeFiles/cmTC_4449f.dir/build.make:86: recipe for target 'cmTC_4449f' failed
make[1]: *** [cmTC_4449f] Error 1
make[1]: выход из каталога «/home/ivan/Рабочий стол/coursera-c-plus-plus-modern-development/Black/second_week/yellow_pages/cmake-build-debug/CMakeFiles/CMakeTmp»
Makefile:121: recipe for target 'cmTC_4449f/fast' failed
make: *** [cmTC_4449f/fast] Error 2

File /home/ivan/Рабочий стол/coursera-c-plus-plus-modern-development/Black/second_week/yellow_pages/cmake-build-debug/CMakeFiles/CMakeTmp/CheckSymbolExists.c:
/* */
#include <pthread.h>

int main(int argc, char** argv)
{
  (void)argv;
#ifndef pthread_create
  return ((int*)(&pthread_create))[argc];
#else
  (void)argc;
  return 0;
#endif
}

Determining if the function pthread_create exists in the pthreads failed with the following output:
Change Dir: /home/ivan/Рабочий стол/coursera-c-plus-plus-modern-development/Black/second_week/yellow_pages/cmake-build-debug/CMakeFiles/CMakeTmp

Run Build Command(s):/usr/bin/make cmTC_2eaa8/fast 
/usr/bin/make -f CMakeFiles/cmTC_2eaa8.dir/build.make CMakeFiles/cmTC_2eaa8.dir/build
make[1]: вход в каталог «/home/ivan/Рабочий стол/coursera-c-plus-plus-modern-development/Black/second_week/yellow_pages/cmake-build-debug/CMakeFiles/CMakeTmp»
Building C object CMakeFiles/cmTC_2eaa8.dir/CheckFunctionExists.c.o
/usr/bin/cc   -DCHECK_FUNCTION_EXISTS=pthread_create   -o CMakeFiles/cmTC_2eaa8.dir/CheckFunctionExists.c.o   -c /home/ivan/Документы/clion-2019.2/bin/cmake/linux/share/cmake-3.14/Modules/CheckFunctionExists.c
Linking C executable cmTC_2eaa8
/home/ivan/Документы/clion-2019.2/bin/cmake/linux/bin/cmake -E cmake_link_script CMakeFiles/cmTC_2eaa8.dir/link.txt --verbose=1
/usr/bin/cc  -DCHECK_FUNCTION_EXISTS=pthread_create    CMakeFiles/cmTC_2eaa8.dir/CheckFunctionExists.c.o  -o cmTC_2eaa8 -lpthreads 
/usr/bin/ld: cannot find -lpthreads
collect2: error: ld returned 1 exit status
CMakeFiles/cmTC_2eaa8.dir/build.make:86: recipe for target 'cmTC_2eaa8' failed
make[1]: *** [cmTC_2eaa8] Error 1
make[1]: выход из каталога «/home/ivan/Рабочий стол/coursera-c-plus-plus-modern-development/Black/second_week/yellow_pages/cmake-build-debug/CMakeFiles/CMakeTmp»
Makefile:121: recipe for target 'cmTC_2eaa8/fast' failed
make: *** [cmTC_2eaa8/fast] Error 2


