Determining if the pthread_create exist failed with the following output:
Change Dir: /home/ivan/Рабочий стол/coursera-c-plus-plus-modern-development/Black/second_week/yellow_pages/cmake-build-release/CMakeFiles/CMakeTmp

Run Build Command(s):/usr/bin/make cmTC_47beb/fast 
/usr/bin/make -f CMakeFiles/cmTC_47beb.dir/build.make CMakeFiles/cmTC_47beb.dir/build
make[1]: вход в каталог «/home/ivan/Рабочий стол/coursera-c-plus-plus-modern-development/Black/second_week/yellow_pages/cmake-build-release/CMakeFiles/CMakeTmp»
Building C object CMakeFiles/cmTC_47beb.dir/CheckSymbolExists.c.o
/usr/bin/cc    -o CMakeFiles/cmTC_47beb.dir/CheckSymbolExists.c.o   -c "/home/ivan/Рабочий стол/coursera-c-plus-plus-modern-development/Black/second_week/yellow_pages/cmake-build-release/CMakeFiles/CMakeTmp/CheckSymbolExists.c"
Linking C executable cmTC_47beb
/home/ivan/Документы/clion-2019.2/bin/cmake/linux/bin/cmake -E cmake_link_script CMakeFiles/cmTC_47beb.dir/link.txt --verbose=1
/usr/bin/cc      CMakeFiles/cmTC_47beb.dir/CheckSymbolExists.c.o  -o cmTC_47beb 
CMakeFiles/cmTC_47beb.dir/CheckSymbolExists.c.o: In function `main':
CheckSymbolExists.c:(.text+0x1b): undefined reference to `pthread_create'
collect2: error: ld returned 1 exit status
CMakeFiles/cmTC_47beb.dir/build.make:86: recipe for target 'cmTC_47beb' failed
make[1]: *** [cmTC_47beb] Error 1
make[1]: выход из каталога «/home/ivan/Рабочий стол/coursera-c-plus-plus-modern-development/Black/second_week/yellow_pages/cmake-build-release/CMakeFiles/CMakeTmp»
Makefile:121: recipe for target 'cmTC_47beb/fast' failed
make: *** [cmTC_47beb/fast] Error 2

File /home/ivan/Рабочий стол/coursera-c-plus-plus-modern-development/Black/second_week/yellow_pages/cmake-build-release/CMakeFiles/CMakeTmp/CheckSymbolExists.c:
/* */
#include <pthread.h>

int main(int argc, char** argv)
{
  (void)argv;
#ifndef pthread_create
  return ((int*)(&pthread_create))[argc];
#else
  (void)argc;
  return 0;
#endif
}

Determining if the function pthread_create exists in the pthreads failed with the following output:
Change Dir: /home/ivan/Рабочий стол/coursera-c-plus-plus-modern-development/Black/second_week/yellow_pages/cmake-build-release/CMakeFiles/CMakeTmp

Run Build Command(s):/usr/bin/make cmTC_612ab/fast 
/usr/bin/make -f CMakeFiles/cmTC_612ab.dir/build.make CMakeFiles/cmTC_612ab.dir/build
make[1]: вход в каталог «/home/ivan/Рабочий стол/coursera-c-plus-plus-modern-development/Black/second_week/yellow_pages/cmake-build-release/CMakeFiles/CMakeTmp»
Building C object CMakeFiles/cmTC_612ab.dir/CheckFunctionExists.c.o
/usr/bin/cc   -DCHECK_FUNCTION_EXISTS=pthread_create   -o CMakeFiles/cmTC_612ab.dir/CheckFunctionExists.c.o   -c /home/ivan/Документы/clion-2019.2/bin/cmake/linux/share/cmake-3.14/Modules/CheckFunctionExists.c
Linking C executable cmTC_612ab
/home/ivan/Документы/clion-2019.2/bin/cmake/linux/bin/cmake -E cmake_link_script CMakeFiles/cmTC_612ab.dir/link.txt --verbose=1
/usr/bin/cc  -DCHECK_FUNCTION_EXISTS=pthread_create    CMakeFiles/cmTC_612ab.dir/CheckFunctionExists.c.o  -o cmTC_612ab -lpthreads 
/usr/bin/ld: cannot find -lpthreads
collect2: error: ld returned 1 exit status
CMakeFiles/cmTC_612ab.dir/build.make:86: recipe for target 'cmTC_612ab' failed
make[1]: *** [cmTC_612ab] Error 1
make[1]: выход из каталога «/home/ivan/Рабочий стол/coursera-c-plus-plus-modern-development/Black/second_week/yellow_pages/cmake-build-release/CMakeFiles/CMakeTmp»
Makefile:121: recipe for target 'cmTC_612ab/fast' failed
make: *** [cmTC_612ab/fast] Error 2


