Determining if the pthread_create exist failed with the following output:
Change Dir: /home/ivan/Рабочий стол/coursera-c-plus-plus-modern-development/Black/second_week/phone_book/cmake-build-debug/CMakeFiles/CMakeTmp

Run Build Command(s):/usr/bin/make cmTC_d5246/fast 
/usr/bin/make -f CMakeFiles/cmTC_d5246.dir/build.make CMakeFiles/cmTC_d5246.dir/build
make[1]: вход в каталог «/home/ivan/Рабочий стол/coursera-c-plus-plus-modern-development/Black/second_week/phone_book/cmake-build-debug/CMakeFiles/CMakeTmp»
Building C object CMakeFiles/cmTC_d5246.dir/CheckSymbolExists.c.o
/usr/bin/cc    -o CMakeFiles/cmTC_d5246.dir/CheckSymbolExists.c.o   -c "/home/ivan/Рабочий стол/coursera-c-plus-plus-modern-development/Black/second_week/phone_book/cmake-build-debug/CMakeFiles/CMakeTmp/CheckSymbolExists.c"
Linking C executable cmTC_d5246
/home/ivan/Документы/clion-2019.2/bin/cmake/linux/bin/cmake -E cmake_link_script CMakeFiles/cmTC_d5246.dir/link.txt --verbose=1
/usr/bin/cc      CMakeFiles/cmTC_d5246.dir/CheckSymbolExists.c.o  -o cmTC_d5246 
CMakeFiles/cmTC_d5246.dir/CheckSymbolExists.c.o: In function `main':
CheckSymbolExists.c:(.text+0x1b): undefined reference to `pthread_create'
collect2: error: ld returned 1 exit status
CMakeFiles/cmTC_d5246.dir/build.make:86: recipe for target 'cmTC_d5246' failed
make[1]: *** [cmTC_d5246] Error 1
make[1]: выход из каталога «/home/ivan/Рабочий стол/coursera-c-plus-plus-modern-development/Black/second_week/phone_book/cmake-build-debug/CMakeFiles/CMakeTmp»
Makefile:121: recipe for target 'cmTC_d5246/fast' failed
make: *** [cmTC_d5246/fast] Error 2

File /home/ivan/Рабочий стол/coursera-c-plus-plus-modern-development/Black/second_week/phone_book/cmake-build-debug/CMakeFiles/CMakeTmp/CheckSymbolExists.c:
/* */
#include <pthread.h>

int main(int argc, char** argv)
{
  (void)argv;
#ifndef pthread_create
  return ((int*)(&pthread_create))[argc];
#else
  (void)argc;
  return 0;
#endif
}

Determining if the function pthread_create exists in the pthreads failed with the following output:
Change Dir: /home/ivan/Рабочий стол/coursera-c-plus-plus-modern-development/Black/second_week/phone_book/cmake-build-debug/CMakeFiles/CMakeTmp

Run Build Command(s):/usr/bin/make cmTC_77add/fast 
/usr/bin/make -f CMakeFiles/cmTC_77add.dir/build.make CMakeFiles/cmTC_77add.dir/build
make[1]: вход в каталог «/home/ivan/Рабочий стол/coursera-c-plus-plus-modern-development/Black/second_week/phone_book/cmake-build-debug/CMakeFiles/CMakeTmp»
Building C object CMakeFiles/cmTC_77add.dir/CheckFunctionExists.c.o
/usr/bin/cc   -DCHECK_FUNCTION_EXISTS=pthread_create   -o CMakeFiles/cmTC_77add.dir/CheckFunctionExists.c.o   -c /home/ivan/Документы/clion-2019.2/bin/cmake/linux/share/cmake-3.14/Modules/CheckFunctionExists.c
Linking C executable cmTC_77add
/home/ivan/Документы/clion-2019.2/bin/cmake/linux/bin/cmake -E cmake_link_script CMakeFiles/cmTC_77add.dir/link.txt --verbose=1
/usr/bin/cc  -DCHECK_FUNCTION_EXISTS=pthread_create    CMakeFiles/cmTC_77add.dir/CheckFunctionExists.c.o  -o cmTC_77add -lpthreads 
/usr/bin/ld: cannot find -lpthreads
collect2: error: ld returned 1 exit status
CMakeFiles/cmTC_77add.dir/build.make:86: recipe for target 'cmTC_77add' failed
make[1]: *** [cmTC_77add] Error 1
make[1]: выход из каталога «/home/ivan/Рабочий стол/coursera-c-plus-plus-modern-development/Black/second_week/phone_book/cmake-build-debug/CMakeFiles/CMakeTmp»
Makefile:121: recipe for target 'cmTC_77add/fast' failed
make: *** [cmTC_77add/fast] Error 2


