c:\users\иван\desktop\c++\coursera-c-plus-plus-modern-development\brown\sixth_week(final_project)\part_e\part_e\release\vc142.pdb
c:\users\иван\desktop\c++\coursera-c-plus-plus-modern-development\brown\sixth_week(final_project)\part_e\part_e\release\unittestsframework.obj
c:\users\иван\desktop\c++\coursera-c-plus-plus-modern-development\brown\sixth_week(final_project)\part_e\part_e\release\the_main_test.obj
c:\users\иван\desktop\c++\coursera-c-plus-plus-modern-development\brown\sixth_week(final_project)\part_e\part_e\release\test_part_e.obj
c:\users\иван\desktop\c++\coursera-c-plus-plus-modern-development\brown\sixth_week(final_project)\part_e\part_e\release\test_json.obj
c:\users\иван\desktop\c++\coursera-c-plus-plus-modern-development\brown\sixth_week(final_project)\part_e\part_e\release\main.obj
c:\users\иван\desktop\c++\coursera-c-plus-plus-modern-development\brown\sixth_week(final_project)\part_e\part_e\release\json.obj
c:\users\иван\desktop\c++\coursera-c-plus-plus-modern-development\brown\sixth_week(final_project)\part_e\part_e\release\transport_guide_manager.obj
c:\users\иван\desktop\c++\coursera-c-plus-plus-modern-development\brown\sixth_week(final_project)\part_e\part_e\release\stops_database.obj
c:\users\иван\desktop\c++\coursera-c-plus-plus-modern-development\brown\sixth_week(final_project)\part_e\part_e\release\routes_database.obj
c:\users\иван\desktop\c++\coursera-c-plus-plus-modern-development\brown\sixth_week(final_project)\part_e\part_e\release\navigation_database.obj
c:\users\иван\desktop\c++\coursera-c-plus-plus-modern-development\brown\sixth_week(final_project)\part_e\release\part_e.exe
c:\users\иван\desktop\c++\coursera-c-plus-plus-modern-development\brown\sixth_week(final_project)\part_e\release\part_e.pdb
c:\users\иван\desktop\c++\coursera-c-plus-plus-modern-development\brown\sixth_week(final_project)\part_e\release\part_e.ipdb
c:\users\иван\desktop\c++\coursera-c-plus-plus-modern-development\brown\sixth_week(final_project)\part_e\release\part_e.iobj
c:\users\иван\desktop\c++\coursera-c-plus-plus-modern-development\brown\sixth_week(final_project)\part_e\part_e\release\part_e.tlog\cl.command.1.tlog
c:\users\иван\desktop\c++\coursera-c-plus-plus-modern-development\brown\sixth_week(final_project)\part_e\part_e\release\part_e.tlog\cl.read.1.tlog
c:\users\иван\desktop\c++\coursera-c-plus-plus-modern-development\brown\sixth_week(final_project)\part_e\part_e\release\part_e.tlog\cl.write.1.tlog
c:\users\иван\desktop\c++\coursera-c-plus-plus-modern-development\brown\sixth_week(final_project)\part_e\part_e\release\part_e.tlog\link.command.1.tlog
c:\users\иван\desktop\c++\coursera-c-plus-plus-modern-development\brown\sixth_week(final_project)\part_e\part_e\release\part_e.tlog\link.delete.1.tlog
c:\users\иван\desktop\c++\coursera-c-plus-plus-modern-development\brown\sixth_week(final_project)\part_e\part_e\release\part_e.tlog\link.read.1.tlog
c:\users\иван\desktop\c++\coursera-c-plus-plus-modern-development\brown\sixth_week(final_project)\part_e\part_e\release\part_e.tlog\link.write.1.tlog
c:\users\иван\desktop\c++\coursera-c-plus-plus-modern-development\brown\sixth_week(final_project)\part_e\part_e\release\part_e.tlog\part_e.write.1u.tlog
